Start testing: Feb 21 15:18 EET
----------------------------------------------------------
1/3 Testing: test_static_vector
1/3 Test: test_static_vector
Command: "/home/simi/Dev/linear-algebra-lib/build/tests/test_static_vector"
Directory: /home/simi/Dev/linear-algebra-lib/build/tests
"test_static_vector" start time: Feb 21 15:18 EET
Output:
----------------------------------------------------------
Running main() from /usr/src/debug/gtest/googletest-1.15.2/googletest/src/gtest_main.cc
[==========] Running 5 tests from 2 test suites.
[----------] Global test environment set-up.
[----------] 4 tests from StaticVectorTest
[ RUN      ] StaticVectorTest.AccessOperator
[       OK ] StaticVectorTest.AccessOperator (0 ms)
[ RUN      ] StaticVectorTest.Addition
[       OK ] StaticVectorTest.Addition (0 ms)
[ RUN      ] StaticVectorTest.DotProduct
[       OK ] StaticVectorTest.DotProduct (0 ms)
[ RUN      ] StaticVectorTest.ConstAccessOperator
[       OK ] StaticVectorTest.ConstAccessOperator (0 ms)
[----------] 4 tests from StaticVectorTest (0 ms total)

[----------] 1 test from StaticVectorTestDifferentSize
[ RUN      ] StaticVectorTestDifferentSize.Operations
[       OK ] StaticVectorTestDifferentSize.Operations (0 ms)
[----------] 1 test from StaticVectorTestDifferentSize (0 ms total)

[----------] Global test environment tear-down
[==========] 5 tests from 2 test suites ran. (0 ms total)
[  PASSED  ] 5 tests.
<end of output>
Test time =   0.00 sec
----------------------------------------------------------
Test Passed.
"test_static_vector" end time: Feb 21 15:18 EET
"test_static_vector" time elapsed: 00:00:00
----------------------------------------------------------

2/3 Testing: test_block_matrix
2/3 Test: test_block_matrix
Command: "/home/simi/Dev/linear-algebra-lib/build/tests/test_block_matrix"
Directory: /home/simi/Dev/linear-algebra-lib/build/tests
"test_block_matrix" start time: Feb 21 15:18 EET
Output:
----------------------------------------------------------
Running main() from /usr/src/debug/gtest/googletest-1.15.2/googletest/src/gtest_main.cc
[==========] Running 5 tests from 1 test suite.
[----------] Global test environment set-up.
[----------] 5 tests from BlockMatrixTest
[ RUN      ] BlockMatrixTest.SubscriptOperator
[       OK ] BlockMatrixTest.SubscriptOperator (0 ms)
[ RUN      ] BlockMatrixTest.Addition
[       OK ] BlockMatrixTest.Addition (0 ms)
[ RUN      ] BlockMatrixTest.Multiplication
[       OK ] BlockMatrixTest.Multiplication (0 ms)
[ RUN      ] BlockMatrixTest.Transpose
[       OK ] BlockMatrixTest.Transpose (0 ms)
[ RUN      ] BlockMatrixTest.OutOfRangeAccess
[       OK ] BlockMatrixTest.OutOfRangeAccess (0 ms)
[----------] 5 tests from BlockMatrixTest (0 ms total)

[----------] Global test environment tear-down
[==========] 5 tests from 1 test suite ran. (0 ms total)
[  PASSED  ] 5 tests.
<end of output>
Test time =   0.00 sec
----------------------------------------------------------
Test Passed.
"test_block_matrix" end time: Feb 21 15:18 EET
"test_block_matrix" time elapsed: 00:00:00
----------------------------------------------------------

3/3 Testing: test_hybrid_vector
3/3 Test: test_hybrid_vector
Command: "/home/simi/Dev/linear-algebra-lib/build/tests/test_block_matrix"
Directory: /home/simi/Dev/linear-algebra-lib/build/tests
"test_hybrid_vector" start time: Feb 21 15:18 EET
Output:
----------------------------------------------------------
Running main() from /usr/src/debug/gtest/googletest-1.15.2/googletest/src/gtest_main.cc
[==========] Running 5 tests from 1 test suite.
[----------] Global test environment set-up.
[----------] 5 tests from BlockMatrixTest
[ RUN      ] BlockMatrixTest.SubscriptOperator
[       OK ] BlockMatrixTest.SubscriptOperator (0 ms)
[ RUN      ] BlockMatrixTest.Addition
[       OK ] BlockMatrixTest.Addition (0 ms)
[ RUN      ] BlockMatrixTest.Multiplication
[       OK ] BlockMatrixTest.Multiplication (0 ms)
[ RUN      ] BlockMatrixTest.Transpose
[       OK ] BlockMatrixTest.Transpose (0 ms)
[ RUN      ] BlockMatrixTest.OutOfRangeAccess
[       OK ] BlockMatrixTest.OutOfRangeAccess (0 ms)
[----------] 5 tests from BlockMatrixTest (0 ms total)

[----------] Global test environment tear-down
[==========] 5 tests from 1 test suite ran. (0 ms total)
[  PASSED  ] 5 tests.
<end of output>
Test time =   0.00 sec
----------------------------------------------------------
Test Passed.
"test_hybrid_vector" end time: Feb 21 15:18 EET
"test_hybrid_vector" time elapsed: 00:00:00
----------------------------------------------------------

End testing: Feb 21 15:18 EET
